<?xml version="1.0" encoding="UTF-8"?>
<testng-results skipped="1" failed="3" ignored="1" total="13" passed="8">
  <reporter-output>
  </reporter-output>
  <suite name="Loan Department" duration-ms="146" started-at="2020-12-20T15:25:38Z" finished-at="2020-12-20T15:25:38Z">
    <groups>
      <group name="Smoke">
        <method signature="day3.MobileLogincarLoan()[pri:0, instance:test.day3@7c16905e]" name="MobileLogincarLoan" class="test.day3"/>
        <method signature="day4.MobileLoginHomeLoan()[pri:0, instance:test.day4@28feb3fa]" name="MobileLoginHomeLoan" class="test.day4"/>
        <method signature="day2.ploan()[pri:0, instance:test.day2@2a2d45ba]" name="ploan" class="test.day2"/>
      </group> <!-- Smoke -->
    </groups>
    <test name="Personal loan" duration-ms="146" started-at="2020-12-20T15:25:38Z" finished-at="2020-12-20T15:25:38Z">
      <class name="test.day4">
        <test-method status="PASS" signature="LoginAPIHomeLoan()[pri:0, instance:test.day4@28feb3fa]" name="LoginAPIHomeLoan" duration-ms="3" started-at="2020-12-20T08:25:38Z" finished-at="2020-12-20T08:25:38Z">
          <reporter-output>
          </reporter-output>
        </test-method> <!-- LoginAPIHomeLoan -->
        <test-method status="PASS" signature="MobileLoginHomeLoan()[pri:0, instance:test.day4@28feb3fa]" name="MobileLoginHomeLoan" duration-ms="2" started-at="2020-12-20T08:25:38Z" finished-at="2020-12-20T08:25:38Z">
          <reporter-output>
          </reporter-output>
        </test-method> <!-- MobileLoginHomeLoan -->
        <test-method status="FAIL" signature="WebloginHomeLoan(java.lang.String)[pri:0, instance:test.day4@28feb3fa]" name="WebloginHomeLoan" duration-ms="0" started-at="2020-12-20T08:25:38Z" finished-at="2020-12-20T08:25:38Z">
          <exception class="org.testng.TestNGException">
            <message>
              <![CDATA[
Parameter 'URL' is required by @Test on method WebloginHomeLoan but has not been marked @Optional or defined
in D:\workspace\TestNGTutorials\testng2.xml]]>
            </message>
            <full-stacktrace>
              <![CDATA[org.testng.TestNGException: 
Parameter 'URL' is required by @Test on method WebloginHomeLoan but has not been marked @Optional or defined
in D:\workspace\TestNGTutorials\testng2.xml
	at org.testng.internal.Parameters.createParameters(Parameters.java:199)
	at org.testng.internal.Parameters.createParameters(Parameters.java:443)
	at org.testng.internal.Parameters.handleParameters(Parameters.java:569)
	at org.testng.internal.Invoker.handleParameters(Invoker.java:1308)
	at org.testng.internal.Invoker.createParameters(Invoker.java:1036)
	at org.testng.internal.Invoker.invokeTestMethods(Invoker.java:1126)
	at org.testng.internal.TestMethodWorker.invokeTestMethods(TestMethodWorker.java:126)
	at org.testng.internal.TestMethodWorker.run(TestMethodWorker.java:109)
	at org.testng.TestRunner.privateRun(TestRunner.java:744)
	at org.testng.TestRunner.run(TestRunner.java:602)
	at org.testng.SuiteRunner.runTest(SuiteRunner.java:380)
	at org.testng.SuiteRunner.runSequentially(SuiteRunner.java:375)
	at org.testng.SuiteRunner.privateRun(SuiteRunner.java:340)
	at org.testng.SuiteRunner.run(SuiteRunner.java:289)
	at org.testng.SuiteRunnerWorker.runSuite(SuiteRunnerWorker.java:52)
	at org.testng.SuiteRunnerWorker.run(SuiteRunnerWorker.java:86)
	at org.testng.TestNG.runSuitesSequentially(TestNG.java:1301)
	at org.testng.TestNG.runSuitesLocally(TestNG.java:1226)
	at org.testng.TestNG.runSuites(TestNG.java:1144)
	at org.testng.TestNG.run(TestNG.java:1115)
	at org.testng.remote.AbstractRemoteTestNG.run(AbstractRemoteTestNG.java:132)
	at org.testng.remote.RemoteTestNG.initAndRun(RemoteTestNG.java:230)
	at org.testng.remote.RemoteTestNG.main(RemoteTestNG.java:76)
]]>
            </full-stacktrace>
          </exception> <!-- org.testng.TestNGException -->
          <reporter-output>
          </reporter-output>
        </test-method> <!-- WebloginHomeLoan -->
      </class> <!-- test.day4 -->
      <class name="test.day2">
        <test-method status="PASS" signature="prerequiste()[pri:0, instance:test.day2@2a2d45ba]" name="prerequiste" is-config="true" duration-ms="0" started-at="2020-12-20T08:25:38Z" finished-at="2020-12-20T08:25:38Z">
          <reporter-output>
          </reporter-output>
        </test-method> <!-- prerequiste -->
        <test-method status="PASS" signature="ploan()[pri:0, instance:test.day2@2a2d45ba]" name="ploan" duration-ms="5" started-at="2020-12-20T08:25:38Z" finished-at="2020-12-20T08:25:38Z">
          <reporter-output>
          </reporter-output>
        </test-method> <!-- ploan -->
      </class> <!-- test.day2 -->
      <class name="test.day3">
        <test-method status="PASS" signature="Bfsuite()[pri:0, instance:test.day3@7c16905e]" name="Bfsuite" is-config="true" duration-ms="10" started-at="2020-12-20T08:25:38Z" finished-at="2020-12-20T08:25:38Z">
          <reporter-output>
          </reporter-output>
        </test-method> <!-- Bfsuite -->
        <test-method status="PASS" signature="befoclas()[pri:0, instance:test.day3@7c16905e]" name="befoclas" is-config="true" duration-ms="2" started-at="2020-12-20T08:25:38Z" finished-at="2020-12-20T08:25:38Z">
          <reporter-output>
          </reporter-output>
        </test-method> <!-- befoclas -->
        <test-method status="PASS" signature="beforeevery()[pri:0, instance:test.day3@7c16905e]" name="beforeevery" is-config="true" duration-ms="1" started-at="2020-12-20T08:25:38Z" finished-at="2020-12-20T08:25:38Z">
          <reporter-output>
          </reporter-output>
        </test-method> <!-- beforeevery -->
        <test-method status="PASS" signature="MobileLogincarLoan()[pri:0, instance:test.day3@7c16905e]" name="MobileLogincarLoan" duration-ms="5" started-at="2020-12-20T08:25:38Z" finished-at="2020-12-20T08:25:38Z">
          <reporter-output>
          </reporter-output>
        </test-method> <!-- MobileLogincarLoan -->
        <test-method status="PASS" signature="afterevery()[pri:0, instance:test.day3@7c16905e]" name="afterevery" is-config="true" duration-ms="1" started-at="2020-12-20T08:25:38Z" finished-at="2020-12-20T08:25:38Z">
          <reporter-output>
          </reporter-output>
        </test-method> <!-- afterevery -->
        <test-method status="PASS" signature="beforeevery()[pri:0, instance:test.day3@7c16905e]" name="beforeevery" is-config="true" duration-ms="1" started-at="2020-12-20T08:25:38Z" finished-at="2020-12-20T08:25:38Z">
          <reporter-output>
          </reporter-output>
        </test-method> <!-- beforeevery -->
        <test-method status="PASS" signature="MobilesignoutcarLoan(java.lang.String, java.lang.String)[pri:0, instance:test.day3@7c16905e]" name="MobilesignoutcarLoan" duration-ms="5" started-at="2020-12-20T08:25:38Z" data-provider="getData" finished-at="2020-12-20T08:25:38Z">
          <params>
            <param index="0">
              <value>
                <![CDATA[firstsetusername]]>
              </value>
            </param>
            <param index="1">
              <value>
                <![CDATA[firstpassword]]>
              </value>
            </param>
          </params>
          <reporter-output>
          </reporter-output>
        </test-method> <!-- MobilesignoutcarLoan -->
        <test-method status="PASS" signature="afterevery()[pri:0, instance:test.day3@7c16905e]" name="afterevery" is-config="true" duration-ms="1" started-at="2020-12-20T08:25:38Z" finished-at="2020-12-20T08:25:38Z">
          <reporter-output>
          </reporter-output>
        </test-method> <!-- afterevery -->
        <test-method status="PASS" signature="beforeevery()[pri:0, instance:test.day3@7c16905e]" name="beforeevery" is-config="true" duration-ms="1" started-at="2020-12-20T08:25:38Z" finished-at="2020-12-20T08:25:38Z">
          <reporter-output>
          </reporter-output>
        </test-method> <!-- beforeevery -->
        <test-method status="PASS" signature="MobilesignoutcarLoan(java.lang.String, java.lang.String)[pri:0, instance:test.day3@7c16905e]" name="MobilesignoutcarLoan" duration-ms="7" started-at="2020-12-20T08:25:38Z" data-provider="getData" finished-at="2020-12-20T08:25:38Z">
          <params>
            <param index="0">
              <value>
                <![CDATA[secondsetusername]]>
              </value>
            </param>
            <param index="1">
              <value>
                <![CDATA[secondpassword]]>
              </value>
            </param>
          </params>
          <reporter-output>
          </reporter-output>
        </test-method> <!-- MobilesignoutcarLoan -->
        <test-method status="PASS" signature="afterevery()[pri:0, instance:test.day3@7c16905e]" name="afterevery" is-config="true" duration-ms="0" started-at="2020-12-20T08:25:38Z" finished-at="2020-12-20T08:25:38Z">
          <reporter-output>
          </reporter-output>
        </test-method> <!-- afterevery -->
        <test-method status="PASS" signature="beforeevery()[pri:0, instance:test.day3@7c16905e]" name="beforeevery" is-config="true" duration-ms="1" started-at="2020-12-20T08:25:38Z" finished-at="2020-12-20T08:25:38Z">
          <reporter-output>
          </reporter-output>
        </test-method> <!-- beforeevery -->
        <test-method status="PASS" signature="MobilesignoutcarLoan(java.lang.String, java.lang.String)[pri:0, instance:test.day3@7c16905e]" name="MobilesignoutcarLoan" duration-ms="4" started-at="2020-12-20T08:25:38Z" data-provider="getData" finished-at="2020-12-20T08:25:38Z">
          <params>
            <param index="0">
              <value>
                <![CDATA[thirdsetusername]]>
              </value>
            </param>
            <param index="1">
              <value>
                <![CDATA[thirdpassword]]>
              </value>
            </param>
          </params>
          <reporter-output>
          </reporter-output>
        </test-method> <!-- MobilesignoutcarLoan -->
        <test-method status="PASS" signature="afterevery()[pri:0, instance:test.day3@7c16905e]" name="afterevery" is-config="true" duration-ms="0" started-at="2020-12-20T08:25:38Z" finished-at="2020-12-20T08:25:38Z">
          <reporter-output>
          </reporter-output>
        </test-method> <!-- afterevery -->
        <test-method status="FAIL" signature="WebloginCarLoan(java.lang.String, java.lang.String)[pri:0, instance:test.day3@7c16905e]" name="WebloginCarLoan" duration-ms="0" started-at="2020-12-20T08:25:38Z" finished-at="2020-12-20T08:25:38Z">
          <exception class="org.testng.TestNGException">
            <message>
              <![CDATA[
Parameter 'URL' is required by @Test on method WebloginCarLoan but has not been marked @Optional or defined
in D:\workspace\TestNGTutorials\testng2.xml]]>
            </message>
            <full-stacktrace>
              <![CDATA[org.testng.TestNGException: 
Parameter 'URL' is required by @Test on method WebloginCarLoan but has not been marked @Optional or defined
in D:\workspace\TestNGTutorials\testng2.xml
	at org.testng.internal.Parameters.createParameters(Parameters.java:199)
	at org.testng.internal.Parameters.createParameters(Parameters.java:443)
	at org.testng.internal.Parameters.handleParameters(Parameters.java:569)
	at org.testng.internal.Invoker.handleParameters(Invoker.java:1308)
	at org.testng.internal.Invoker.createParameters(Invoker.java:1036)
	at org.testng.internal.Invoker.invokeTestMethods(Invoker.java:1126)
	at org.testng.internal.TestMethodWorker.invokeTestMethods(TestMethodWorker.java:126)
	at org.testng.internal.TestMethodWorker.run(TestMethodWorker.java:109)
	at org.testng.TestRunner.privateRun(TestRunner.java:744)
	at org.testng.TestRunner.run(TestRunner.java:602)
	at org.testng.SuiteRunner.runTest(SuiteRunner.java:380)
	at org.testng.SuiteRunner.runSequentially(SuiteRunner.java:375)
	at org.testng.SuiteRunner.privateRun(SuiteRunner.java:340)
	at org.testng.SuiteRunner.run(SuiteRunner.java:289)
	at org.testng.SuiteRunnerWorker.runSuite(SuiteRunnerWorker.java:52)
	at org.testng.SuiteRunnerWorker.run(SuiteRunnerWorker.java:86)
	at org.testng.TestNG.runSuitesSequentially(TestNG.java:1301)
	at org.testng.TestNG.runSuitesLocally(TestNG.java:1226)
	at org.testng.TestNG.runSuites(TestNG.java:1144)
	at org.testng.TestNG.run(TestNG.java:1115)
	at org.testng.remote.AbstractRemoteTestNG.run(AbstractRemoteTestNG.java:132)
	at org.testng.remote.RemoteTestNG.initAndRun(RemoteTestNG.java:230)
	at org.testng.remote.RemoteTestNG.main(RemoteTestNG.java:76)
]]>
            </full-stacktrace>
          </exception> <!-- org.testng.TestNGException -->
          <reporter-output>
          </reporter-output>
        </test-method> <!-- WebloginCarLoan -->
        <test-method status="SKIP" signature="APIcarLoan()[pri:0, instance:test.day3@7c16905e]" name="APIcarLoan" duration-ms="0" started-at="2020-12-20T08:25:38Z" depends-on-methods="test.day3.WebloginCarLoan, test.day3.MobilesignoutcarLoan" finished-at="2020-12-20T08:25:38Z">
          <exception class="java.lang.Throwable">
            <message>
              <![CDATA[Method day3.APIcarLoan()[pri:0, instance:test.day3@7c16905e] depends on not successfully finished methods]]>
            </message>
            <full-stacktrace>
              <![CDATA[java.lang.Throwable: Method day3.APIcarLoan()[pri:0, instance:test.day3@7c16905e] depends on not successfully finished methods
	at org.testng.internal.Invoker.invokeTestMethods(Invoker.java:1084)
	at org.testng.internal.TestMethodWorker.invokeTestMethods(TestMethodWorker.java:126)
	at org.testng.internal.TestMethodWorker.run(TestMethodWorker.java:109)
	at org.testng.TestRunner.privateRun(TestRunner.java:744)
	at org.testng.TestRunner.run(TestRunner.java:602)
	at org.testng.SuiteRunner.runTest(SuiteRunner.java:380)
	at org.testng.SuiteRunner.runSequentially(SuiteRunner.java:375)
	at org.testng.SuiteRunner.privateRun(SuiteRunner.java:340)
	at org.testng.SuiteRunner.run(SuiteRunner.java:289)
	at org.testng.SuiteRunnerWorker.runSuite(SuiteRunnerWorker.java:52)
	at org.testng.SuiteRunnerWorker.run(SuiteRunnerWorker.java:86)
	at org.testng.TestNG.runSuitesSequentially(TestNG.java:1301)
	at org.testng.TestNG.runSuitesLocally(TestNG.java:1226)
	at org.testng.TestNG.runSuites(TestNG.java:1144)
	at org.testng.TestNG.run(TestNG.java:1115)
	at org.testng.remote.AbstractRemoteTestNG.run(AbstractRemoteTestNG.java:132)
	at org.testng.remote.RemoteTestNG.initAndRun(RemoteTestNG.java:230)
	at org.testng.remote.RemoteTestNG.main(RemoteTestNG.java:76)
]]>
            </full-stacktrace>
          </exception> <!-- java.lang.Throwable -->
          <reporter-output>
          </reporter-output>
        </test-method> <!-- APIcarLoan -->
        <test-method status="PASS" signature="afteclas()[pri:0, instance:test.day3@7c16905e]" name="afteclas" is-config="true" duration-ms="1" started-at="2020-12-20T08:25:38Z" finished-at="2020-12-20T08:25:38Z">
          <reporter-output>
          </reporter-output>
        </test-method> <!-- afteclas -->
      </class> <!-- test.day3 -->
      <class name="test.day1">
        <test-method status="FAIL" signature="Demo()[pri:0, instance:test.day1@2a5ca609]" name="Demo" duration-ms="11" started-at="2020-12-20T08:25:38Z" finished-at="2020-12-20T08:25:38Z">
          <exception class="java.lang.AssertionError">
            <message>
              <![CDATA[expected [true] but found [false]]]>
            </message>
            <full-stacktrace>
              <![CDATA[java.lang.AssertionError: expected [true] but found [false]
	at org.testng.Assert.fail(Assert.java:93)
	at org.testng.Assert.failNotEquals(Assert.java:512)
	at org.testng.Assert.assertTrue(Assert.java:41)
	at org.testng.Assert.assertTrue(Assert.java:51)
	at test.day1.Demo(day1.java:22)
	at sun.reflect.NativeMethodAccessorImpl.invoke0(Native Method)
	at sun.reflect.NativeMethodAccessorImpl.invoke(NativeMethodAccessorImpl.java:62)
	at sun.reflect.DelegatingMethodAccessorImpl.invoke(DelegatingMethodAccessorImpl.java:43)
	at java.lang.reflect.Method.invoke(Method.java:498)
	at org.testng.internal.MethodInvocationHelper.invokeMethod(MethodInvocationHelper.java:108)
	at org.testng.internal.Invoker.invokeMethod(Invoker.java:661)
	at org.testng.internal.Invoker.invokeTestMethod(Invoker.java:869)
	at org.testng.internal.Invoker.invokeTestMethods(Invoker.java:1193)
	at org.testng.internal.TestMethodWorker.invokeTestMethods(TestMethodWorker.java:126)
	at org.testng.internal.TestMethodWorker.run(TestMethodWorker.java:109)
	at org.testng.TestRunner.privateRun(TestRunner.java:744)
	at org.testng.TestRunner.run(TestRunner.java:602)
	at org.testng.SuiteRunner.runTest(SuiteRunner.java:380)
	at org.testng.SuiteRunner.runSequentially(SuiteRunner.java:375)
	at org.testng.SuiteRunner.privateRun(SuiteRunner.java:340)
	at org.testng.SuiteRunner.run(SuiteRunner.java:289)
	at org.testng.SuiteRunnerWorker.runSuite(SuiteRunnerWorker.java:52)
	at org.testng.SuiteRunnerWorker.run(SuiteRunnerWorker.java:86)
	at org.testng.TestNG.runSuitesSequentially(TestNG.java:1301)
	at org.testng.TestNG.runSuitesLocally(TestNG.java:1226)
	at org.testng.TestNG.runSuites(TestNG.java:1144)
	at org.testng.TestNG.run(TestNG.java:1115)
	at org.testng.remote.AbstractRemoteTestNG.run(AbstractRemoteTestNG.java:132)
	at org.testng.remote.RemoteTestNG.initAndRun(RemoteTestNG.java:230)
	at org.testng.remote.RemoteTestNG.main(RemoteTestNG.java:76)
]]>
            </full-stacktrace>
          </exception> <!-- java.lang.AssertionError -->
          <reporter-output>
          </reporter-output>
        </test-method> <!-- Demo -->
        <test-method status="PASS" signature="SecondTest()[pri:0, instance:test.day1@2a5ca609]" name="SecondTest" duration-ms="3" started-at="2020-12-20T08:25:38Z" finished-at="2020-12-20T08:25:38Z">
          <reporter-output>
          </reporter-output>
        </test-method> <!-- SecondTest -->
        <test-method status="PASS" signature="lastexecution()[pri:0, instance:test.day1@2a5ca609]" name="lastexecution" is-config="true" duration-ms="0" started-at="2020-12-20T08:25:38Z" finished-at="2020-12-20T08:25:38Z">
          <reporter-output>
          </reporter-output>
        </test-method> <!-- lastexecution -->
        <test-method status="PASS" signature="afSyite()[pri:0, instance:test.day1@2a5ca609]" name="afSyite" is-config="true" duration-ms="1" started-at="2020-12-20T08:25:38Z" finished-at="2020-12-20T08:25:38Z">
          <reporter-output>
          </reporter-output>
        </test-method> <!-- afSyite -->
      </class> <!-- test.day1 -->
    </test> <!-- Personal loan -->
  </suite> <!-- Loan Department -->
</testng-results>
