<?xml version="1.0" encoding="UTF-8"?>
<!-- Generated by org.testng.reporters.JUnitXMLReporter -->
<testsuite hostname="Gupta" ignored="1" name="Personal loan" tests="12" failures="3" timestamp="20 Dec 2020 15:25:38 GMT" time="0.146" errors="0">
  <testcase name="Demo" time="0.011" classname="test.day1">
    <failure type="java.lang.AssertionError" message="expected [true] but found [false]">
      <![CDATA[java.lang.AssertionError: expected [true] but found [false]
	at test.day1.Demo(day1.java:22)
... Removed 29 stack frames]]>
    </failure>
  </testcase> <!-- Demo -->
  <testcase name="SecondTest" time="0.003" classname="test.day1"/>
  <testcase name="ploan" time="0.005" classname="test.day2"/>
  <testcase name="MobileLogincarLoan" time="0.005" classname="test.day3"/>
  <testcase name="MobilesignoutcarLoan" time="0.005" classname="test.day3"/>
  <testcase name="MobilesignoutcarLoan" time="0.007" classname="test.day3"/>
  <testcase name="MobilesignoutcarLoan" time="0.004" classname="test.day3"/>
  <testcase name="WebloginCarLoan" time="0.0" classname="test.day3">
    <failure type="org.testng.TestNGException" message="
Parameter &amp;apos;URL&amp;apos; is required by @Test on method WebloginCarLoan but has not been marked @Optional or defined
in D:\workspace\TestNGTutorials\testng2.xml">
      <![CDATA[org.testng.TestNGException: 
Parameter 'URL' is required by @Test on method WebloginCarLoan but has not been marked @Optional or defined
in D:\workspace\TestNGTutorials\testng2.xml
... Removed 23 stack frames]]>
    </failure>
  </testcase> <!-- WebloginCarLoan -->
  <testcase name="APIcarLoan" time="0.0" classname="test.day3">
    <skipped/>
  </testcase> <!-- APIcarLoan -->
  <testcase name="LoginAPIHomeLoan" time="0.003" classname="test.day4"/>
  <testcase name="MobileLoginHomeLoan" time="0.002" classname="test.day4"/>
  <testcase name="WebloginHomeLoan" time="0.0" classname="test.day4">
    <failure type="org.testng.TestNGException" message="
Parameter &amp;apos;URL&amp;apos; is required by @Test on method WebloginHomeLoan but has not been marked @Optional or defined
in D:\workspace\TestNGTutorials\testng2.xml">
      <![CDATA[org.testng.TestNGException: 
Parameter 'URL' is required by @Test on method WebloginHomeLoan but has not been marked @Optional or defined
in D:\workspace\TestNGTutorials\testng2.xml
... Removed 23 stack frames]]>
    </failure>
  </testcase> <!-- WebloginHomeLoan -->
  <testcase name="MobilesignimcarLoan" time="0.0" classname="test.day3">
    <ignored/>
  </testcase> <!-- MobilesignimcarLoan -->
</testsuite> <!-- Personal loan -->
